
[ â€‰â€‰â€…â€…UTCâ€…â€…â€‰â€‰ ] Logs for rocket-nozzlesizing-z2rxf4j6rsxaeygsozafgc.streamlit.app/
â”€â”€â”€â”€â”€â”€â”€â”€â”€â”€â”€â”€â”€â”€â”€â”€â”€â”€â”€â”€â”€â”€â”€â”€â”€â”€â”€â”€â”€â”€â”€â”€â”€â”€â”€â”€â”€â”€â”€â”€â”€â”€â”€â”€â”€â”€â”€â”€â”€â”€â”€â”€â”€â”€â”€â”€â”€â”€â”€â”€â”€â”€â”€â”€â”€â”€â”€â”€â”€â”€â”€â”€â”€â”€â”€â”€â”€â”€â”€â”€â”€â”€â”€â”€â”€â”€â”€â”€
[05:58:40] ğŸ–¥ Provisioning machine...
[05:58:40] ğŸ› Preparing system...
[05:58:40] â›“ Spinning up manager process...
[11:26:37] ğŸš€ Starting up repository: 'rocket-nozzle_sizing', branch: 'test', main module: 'Rocket_Nozzle_Sizing_streamlit/1_Home.py'
[11:26:37] ğŸ™ Cloning repository...
[11:26:38] ğŸ™ Cloning into '/mount/src/rocket-nozzle_sizing'...
Warning: Permanently added the ED25519 host key for IP address '140.82.113.3' to the list of known hosts.

[11:26:38] ğŸ™ Cloned repository!
[11:26:38] ğŸ™ Pulling code changes from Github...
[11:26:39] ğŸ“¦ Processing dependencies...

â”€â”€â”€â”€â”€â”€â”€â”€â”€â”€â”€â”€â”€â”€â”€â”€â”€â”€â”€â”€â”€â”€â”€â”€â”€â”€â”€â”€â”€â”€â”€â”€â”€â”€â”€â”€â”€â”€â”€â”€ pip â”€â”€â”€â”€â”€â”€â”€â”€â”€â”€â”€â”€â”€â”€â”€â”€â”€â”€â”€â”€â”€â”€â”€â”€â”€â”€â”€â”€â”€â”€â”€â”€â”€â”€â”€â”€â”€â”€â”€â”€â”€â”€â”€

Collecting matplotlib==3.8.3 (from -r /mount/src/rocket-nozzle_sizing/Rocket_Nozzle_Sizing_streamlit/requirements.txt (line 1))
  Downloading matplotlib-3.8.3-cp39-cp39-manylinux_2_17_x86_64.manylinux2014_x86_64.whl.metadata (5.8 kB)
Collecting numpy==1.26.4 (from -r /mount/src/rocket-nozzle_sizing/Rocket_Nozzle_Sizing_streamlit/requirements.txt (line 2))
  Downloading numpy-1.26.4-cp39-cp39-manylinux_2_17_x86_64.manylinux2014_x86_64.whl.metadata (61 kB)
     â”â”â”â”â”â”â”â”â”â”â”â”â”â”â”â”â”â”â”â”â”â”â”â”â”â”â”â”â”â”â”â”â”â”â”â”â”â”â”â” 61.0/61.0 kB 5.4 MB/s eta 0:00:00[2024-03-31 11:26:41.270940] 
Collecting pandas==2.2.1 (from -r /mount/src/rocket-nozzle_sizing/Rocket_Nozzle_Sizing_streamlit/requirements.txt (line 3))
  Downloading pandas-2.2.1-cp39-cp39-manylinux_2_17_x86_64.manylinux2014_x86_64.whl.metadata (19 kB)
Collecting pillow==10.2.0 (from -r /mount/src/rocket-nozzle_sizing/Rocket_Nozzle_Sizing_streamlit/requirements.txt (line 4))
  Downloading pillow-10.2.0-cp39-cp39-manylinux_2_28_x86_64.whl.metadata (9.7 kB)
Collecting plotly==5.20.0 (from -r /mount/src/rocket-nozzle_sizing/Rocket_Nozzle_Sizing_streamlit/requirements.txt (line 5))
  Downloading plotly-5.20.0-py3-none-any.whl.metadata (7.0 kB)
Collecting streamlit==1.32.2 (from -r /mount/src/rocket-nozzle_sizing/Rocket_Nozzle_Sizing_streamlit/requirements.txt (line 6))
  Downloading streamlit-1.32.2-py2.py3-none-any.whl.metadata (8.5 kB)
Collecting streamlit-player==0.1.5 (from -r /mount/src/rocket-nozzle_sizing/Rocket_Nozzle_Sizing_streamlit/requirements.txt (line 7))
  Downloading streamlit_player-0.1.5-py3-none-any.whl.metadata (1.6 kB)
Collecting scipy==1.12.0 (from -r /mount/src/rocket-nozzle_sizing/Rocket_Nozzle_Sizing_streamlit/requirements.txt (line 8))
  Downloading scipy-1.12.0-cp39-cp39-manylinux_2_17_x86_64.manylinux2014_x86_64.whl.metadata (60 kB)
     â”â”â”â”â”â”â”â”â”â”â”â”â”â”â”â”â”â”â”â”â”â”â”â”â”â”â”â”â”â”â”â”â”â”â”â”â”â”â” 60.4/60.4 kB 126.1 MB/s eta 0:00:00[2024-03-31 11:26:42.409316] 
Collecting contourpy>=1.0.1 (from matplotlib==3.8.3->-r /mount/src/rocket-nozzle_sizing/Rocket_Nozzle_Sizing_streamlit/requirements.txt (line 1))
  Downloading contourpy-1.2.0-cp39-cp39-manylinux_2_17_x86_64.manylinux2014_x86_64.whl.metadata (5.8 kB)
Collecting cycler>=0.10 (from matplotlib==3.8.3->-r /mount/src/rocket-nozzle_sizing/Rocket_Nozzle_Sizing_streamlit/requirements.txt (line 1))
  Downloading cycler-0.12.1-py3-none-any.whl.metadata (3.8 kB)
Collecting fonttools>=4.22.0 (from matplotlib==3.8.3->-r /mount/src/rocket-nozzle_sizing/Rocket_Nozzle_Sizing_streamlit/requirements.txt (line 1))
  Downloading fonttools-4.50.0-cp39-cp39-manylinux_2_17_x86_64.manylinux2014_x86_64.whl.metadata (159 kB)
     â”â”â”â”â”â”â”â”â”â”â”â”â”â”â”â”â”â”â”â”â”â”â”â”â”â”â”â”â”â”â”â”â”â”â”â”â”â” 159.4/159.4 kB 42.3 MB/s eta 0:00:00[2024-03-31 11:26:42.874505] 
Collecting kiwisolver>=1.3.1 (from matplotlib==3.8.3->-r /mount/src/rocket-nozzle_sizing/Rocket_Nozzle_Sizing_streamlit/requirements.txt (line 1))
  Downloading kiwisolver-1.4.5-cp39-cp39-manylinux_2_12_x86_64.manylinux2010_x86_64.whl.metadata (6.4 kB)
Collecting packaging>=20.0 (from matplotlib==3.8.3->-r /mount/src/rocket-nozzle_sizing/Rocket_Nozzle_Sizing_streamlit/requirements.txt (line 1))
  Downloading packaging-24.0-py3-none-any.whl.metadata (3.2 kB)
Collecting pyparsing>=2.3.1 (from matplotlib==3.8.3->-r /mount/src/rocket-nozzle_sizing/Rocket_Nozzle_Sizing_streamlit/requirements.txt (line 1))
  Downloading pyparsing-3.1.2-py3-none-any.whl.metadata (5.1 kB)
Collecting python-dateutil>=2.7 (from matplotlib==3.8.3->-r /mount/src/rocket-nozzle_sizing/Rocket_Nozzle_Sizing_streamlit/requirements.txt (line 1))
  Downloading python_dateutil-2.9.0.post0-py2.py3-none-any.whl.metadata (8.4 kB)
Collecting importlib-resources>=3.2.0 (from matplotlib==3.8.3->-r /mount/src/rocket-nozzle_sizing/Rocket_Nozzle_Sizing_streamlit/requirements.txt (line 1))
  Downloading importlib_resources-6.4.0-py3-none-any.whl.metadata (3.9 kB)
Collecting pytz>=2020.1 (from pandas==2.2.1->-r /mount/src/rocket-nozzle_sizing/Rocket_Nozzle_Sizing_streamlit/requirements.txt (line 3))
  Downloading pytz-2024.1-py2.py3-none-any.whl.metadata (22 kB)
Collecting tzdata>=2022.7 (from pandas==2.2.1->-r /mount/src/rocket-nozzle_sizing/Rocket_Nozzle_Sizing_streamlit/requirements.txt (line 3))
  Downloading tzdata-2024.1-py2.py3-none-any.whl.metadata (1.4 kB)
Collecting tenacity>=6.2.0 (from plotly==5.20.0->-r /mount/src/rocket-nozzle_sizing/Rocket_Nozzle_Sizing_streamlit/requirements.txt (line 5))
  Downloading tenacity-8.2.3-py3-none-any.whl.metadata (1.0 kB)
Collecting altair<6,>=4.0 (from streamlit==1.32.2->-r /mount/src/rocket-nozzle_sizing/Rocket_Nozzle_Sizing_streamlit/requirements.txt (line 6))
  Downloading altair-5.3.0-py3-none-any.whl.metadata (9.2 kB)
Collecting blinker<2,>=1.0.0 (from streamlit==1.32.2->-r /mount/src/rocket-nozzle_sizing/Rocket_Nozzle_Sizing_streamlit/requirements.txt (line 6))
  Downloading blinker-1.7.0-py3-none-any.whl.metadata (1.9 kB)
Collecting cachetools<6,>=4.0 (from streamlit==1.32.2->-r /mount/src/rocket-nozzle_sizing/Rocket_Nozzle_Sizing_streamlit/requirements.txt (line 6))
  Downloading cachetools-5.3.3-py3-none-any.whl.metadata (5.3 kB)
Collecting click<9,>=7.0 (from streamlit==1.32.2->-r /mount/src/rocket-nozzle_sizing/Rocket_Nozzle_Sizing_streamlit/requirements.txt (line 6))
  Downloading click-8.1.7-py3-none-any.whl.metadata (3.0 kB)
Collecting packaging>=20.0 (from matplotlib==3.8.3->-r /mount/src/rocket-nozzle_sizing/Rocket_Nozzle_Sizing_streamlit/requirements.txt (line 1))
  Downloading packaging-23.2-py3-none-any.whl.metadata (3.2 kB)
Collecting protobuf<5,>=3.20 (from streamlit==1.32.2->-r /mount/src/rocket-nozzle_sizing/Rocket_Nozzle_Sizing_streamlit/requirements.txt (line 6))
  Downloading protobuf-4.25.3-cp37-abi3-manylinux2014_x86_64.whl.metadata (541 bytes)
Collecting pyarrow>=7.0 (from streamlit==1.32.2->-r /mount/src/rocket-nozzle_sizing/Rocket_Nozzle_Sizing_streamlit/requirements.txt (line 6))
  Downloading pyarrow-15.0.2-cp39-cp39-manylinux_2_28_x86_64.whl.metadata (3.0 kB)
Collecting requests<3,>=2.27 (from streamlit==1.32.2->-r /mount/src/rocket-nozzle_sizing/Rocket_Nozzle_Sizing_streamlit/requirements.txt (line 6))
  Downloading requests-2.31.0-py3-none-any.whl.metadata (4.6 kB)
Collecting rich<14,>=10.14.0 (from streamlit==1.32.2->-r /mount/src/rocket-nozzle_sizing/Rocket_Nozzle_Sizing_streamlit/requirements.txt (line 6))
  Downloading rich-13.7.1-py3-none-any.whl.metadata (18 kB)
Collecting toml<2,>=0.10.1 (from streamlit==1.32.2->-r /mount/src/rocket-nozzle_sizing/Rocket_Nozzle_Sizing_streamlit/requirements.txt (line 6))
  Downloading toml-0.10.2-py2.py3-none-any.whl.metadata (7.1 kB)
Collecting typing-extensions<5,>=4.3.0 (from streamlit==1.32.2->-r /mount/src/rocket-nozzle_sizing/Rocket_Nozzle_Sizing_streamlit/requirements.txt (line 6))
  Downloading typing_extensions-4.10.0-py3-none-any.whl.metadata (3.0 kB)
Collecting gitpython!=3.1.19,<4,>=3.0.7 (from streamlit==1.32.2->-r /mount/src/rocket-nozzle_sizing/Rocket_Nozzle_Sizing_streamlit/requirements.txt (line 6))
  Downloading GitPython-3.1.43-py3-none-any.whl.metadata (13 kB)
Collecting pydeck<1,>=0.8.0b4 (from streamlit==1.32.2->-r /mount/src/rocket-nozzle_sizing/Rocket_Nozzle_Sizing_streamlit/requirements.txt (line 6))
  Downloading pydeck-0.8.1b0-py2.py3-none-any.whl.metadata (3.9 kB)
Collecting tornado<7,>=6.0.3 (from streamlit==1.32.2->-r /mount/src/rocket-nozzle_sizing/Rocket_Nozzle_Sizing_streamlit/requirements.txt (line 6))
  Downloading tornado-6.4-cp38-abi3-manylinux_2_5_x86_64.manylinux1_x86_64.manylinux_2_17_x86_64.manylinux2014_x86_64.whl.metadata (2.5 kB)
Collecting watchdog>=2.1.5 (from streamlit==1.32.2->-r /mount/src/rocket-nozzle_sizing/Rocket_Nozzle_Sizing_streamlit/requirements.txt (line 6))
  Downloading watchdog-4.0.0-py3-none-manylinux2014_x86_64.whl.metadata (37 kB)
Collecting jinja2 (from altair<6,>=4.0->streamlit==1.32.2->-r /mount/src/rocket-nozzle_sizing/Rocket_Nozzle_Sizing_streamlit/requirements.txt (line 6))
  Downloading Jinja2-3.1.3-py3-none-any.whl.metadata (3.3 kB)
Collecting jsonschema>=3.0 (from altair<6,>=4.0->streamlit==1.32.2->-r /mount/src/rocket-nozzle_sizing/Rocket_Nozzle_Sizing_streamlit/requirements.txt (line 6))
  Downloading jsonschema-4.21.1-py3-none-any.whl.metadata (7.8 kB)
Collecting toolz (from altair<6,>=4.0->streamlit==1.32.2->-r /mount/src/rocket-nozzle_sizing/Rocket_Nozzle_Sizing_streamlit/requirements.txt (line 6))
  Downloading toolz-0.12.1-py3-none-any.whl.metadata (5.1 kB)
Collecting gitdb<5,>=4.0.1 (from gitpython!=3.1.19,<4,>=3.0.7->streamlit==1.32.2->-r /mount/src/rocket-nozzle_sizing/Rocket_Nozzle_Sizing_streamlit/requirements.txt (line 6))
  Downloading gitdb-4.0.11-py3-none-any.whl.metadata (1.2 kB)
Collecting zipp>=3.1.0 (from importlib-resources>=3.2.0->matplotlib==3.8.3->-r /mount/src/rocket-nozzle_sizing/Rocket_Nozzle_Sizing_streamlit/requirements.txt (line 1))
  Downloading zipp-3.18.1-py3-none-any.whl.metadata (3.5 kB)
Collecting six>=1.5 (from python-dateutil>=2.7->matplotlib==3.8.3->-r /mount/src/rocket-nozzle_sizing/Rocket_Nozzle_Sizing_streamlit/requirements.txt (line 1))
  Downloading six-1.16.0-py2.py3-none-any.whl.metadata (1.8 kB)
Collecting charset-normalizer<4,>=2 (from requests<3,>=2.27->streamlit==1.32.2->-r /mount/src/rocket-nozzle_sizing/Rocket_Nozzle_Sizing_streamlit/requirements.txt (line 6))
  Downloading charset_normalizer-3.3.2-cp39-cp39-manylinux_2_17_x86_64.manylinux2014_x86_64.whl.metadata (33 kB)
Collecting idna<4,>=2.5 (from requests<3,>=2.27->streamlit==1.32.2->-r /mount/src/rocket-nozzle_sizing/Rocket_Nozzle_Sizing_streamlit/requirements.txt (line 6))
  Downloading idna-3.6-py3-none-any.whl.metadata (9.9 kB)
Collecting urllib3<3,>=1.21.1 (from requests<3,>=2.27->streamlit==1.32.2->-r /mount/src/rocket-nozzle_sizing/Rocket_Nozzle_Sizing_streamlit/requirements.txt (line 6))
  Downloading urllib3-2.2.1-py3-none-any.whl.metadata (6.4 kB)
Collecting certifi>=2017.4.17 (from requests<3,>=2.27->streamlit==1.32.2->-r /mount/src/rocket-nozzle_sizing/Rocket_Nozzle_Sizing_streamlit/requirements.txt (line 6))
  Downloading certifi-2024.2.2-py3-none-any.whl.metadata (2.2 kB)
Collecting markdown-it-py>=2.2.0 (from rich<14,>=10.14.0->streamlit==1.32.2->-r /mount/src/rocket-nozzle_sizing/Rocket_Nozzle_Sizing_streamlit/requirements.txt (line 6))
  Downloading markdown_it_py-3.0.0-py3-none-any.whl.metadata (6.9 kB)
Collecting pygments<3.0.0,>=2.13.0 (from rich<14,>=10.14.0->streamlit==1.32.2->-r /mount/src/rocket-nozzle_sizing/Rocket_Nozzle_Sizing_streamlit/requirements.txt (line 6))
  Downloading pygments-2.17.2-py3-none-any.whl.metadata (2.6 kB)
Collecting smmap<6,>=3.0.1 (from gitdb<5,>=4.0.1->gitpython!=3.1.19,<4,>=3.0.7->streamlit==1.32.2->-r /mount/src/rocket-nozzle_sizing/Rocket_Nozzle_Sizing_streamlit/requirements.txt (line 6))
  Downloading smmap-5.0.1-py3-none-any.whl.metadata (4.3 kB)
Collecting MarkupSafe>=2.0 (from jinja2->altair<6,>=4.0->streamlit==1.32.2->-r /mount/src/rocket-nozzle_sizing/Rocket_Nozzle_Sizing_streamlit/requirements.txt (line 6))
  Downloading MarkupSafe-2.1.5-cp39-cp39-manylinux_2_17_x86_64.manylinux2014_x86_64.whl.metadata (3.0 kB)
Collecting attrs>=22.2.0 (from jsonschema>=3.0->altair<6,>=4.0->streamlit==1.32.2->-r /mount/src/rocket-nozzle_sizing/Rocket_Nozzle_Sizing_streamlit/requirements.txt (line 6))
  Downloading attrs-23.2.0-py3-none-any.whl.metadata (9.5 kB)
Collecting jsonschema-specifications>=2023.03.6 (from jsonschema>=3.0->altair<6,>=4.0->streamlit==1.32.2->-r /mount/src/rocket-nozzle_sizing/Rocket_Nozzle_Sizing_streamlit/requirements.txt (line 6))
  Downloading jsonschema_specifications-2023.12.1-py3-none-any.whl.metadata (3.0 kB)
Collecting referencing>=0.28.4 (from jsonschema>=3.0->altair<6,>=4.0->streamlit==1.32.2->-r /mount/src/rocket-nozzle_sizing/Rocket_Nozzle_Sizing_streamlit/requirements.txt (line 6))
  Downloading referencing-0.34.0-py3-none-any.whl.metadata (2.8 kB)
Collecting rpds-py>=0.7.1 (from jsonschema>=3.0->altair<6,>=4.0->streamlit==1.32.2->-r /mount/src/rocket-nozzle_sizing/Rocket_Nozzle_Sizing_streamlit/requirements.txt (line 6))
  Downloading rpds_py-0.18.0-cp39-cp39-manylinux_2_17_x86_64.manylinux2014_x86_64.whl.metadata (4.1 kB)
Collecting mdurl~=0.1 (from markdown-it-py>=2.2.0->rich<14,>=10.14.0->streamlit==1.32.2->-r /mount/src/rocket-nozzle_sizing/Rocket_Nozzle_Sizing_streamlit/requirements.txt (line 6))
  Downloading mdurl-0.1.2-py3-none-any.whl.metadata (1.6 kB)
Downloading matplotlib-3.8.3-cp39-cp39-manylinux_2_17_x86_64.manylinux2014_x86_64.whl (11.6 MB)
   â”â”â”â”â”â”â”â”â”â”â”â”â”â”â”â”â”â”â”â”â”â”â”â”â”â”â”â”â”â”â”â”â”â”â”â”â”â”â”â” 11.6/11.6 MB 133.2 MB/s eta 0:00:00
Downloading numpy-1.26.4-cp39-cp39-manylinux_2_17_x86_64.manylinux2014_x86_64.whl (18.2 MB)
   â”â”â”â”â”â”â”â”â”â”â”â”â”â”â”â”â”â”â”â”â”â”â”â”â”â”â”â”â”â”â”â”â”â”â”â”â”â”â”â” 18.2/18.2 MB 159.6 MB/s eta 0:00:00[2024-03-31 11:26:48.124513] 
Downloading pandas-2.2.1-cp39-cp39-manylinux_2_17_x86_64.manylinux2014_x86_64.whl (13.0 MB)
   â”â”â”â”â”â”â”â”â”â”â”â”â”â”â”â”â”â”â”â”â”â”â”â”â”â”â”â”â”â”â”â”â”â”â”â”â”â”â”â” 13.0/13.0 MB 135.1 MB/s eta 0:00:00[2024-03-31 11:26:48.237122] 
Downloading pillow-10.2.0-cp39-cp39-manylinux_2_28_x86_64.whl (4.5 MB)
   â”â”â”â”â”â”â”â”â”â”â”â”â”â”â”â”â”â”â”â”â”â”â”â”â”â”â”â”â”â”â”â”â”â”â”â”â”â”â”â” 4.5/4.5 MB 172.2 MB/s eta 0:00:00[2024-03-31 11:26:48.282765] 
Downloading plotly-5.20.0-py3-none-any.whl (15.7 MB)
   â”â”â”â”â”â”â”â”â”â”â”â”â”â”â”â”â”â”â”â”â”â”â”â”â”â”â”â”â”â”â”â”â”â”â”â”â”â”â”â” 15.7/15.7 MB 147.1 MB/s eta 0:00:00[2024-03-31 11:26:48.415179] 
Downloading streamlit-1.32.2-py2.py3-none-any.whl (8.1 MB)
   â”â”â”â”â”â”â”â”â”â”â”â”â”â”â”â”â”â”â”â”â”â”â”â”â”â”â”â”â”â”â”â”â”â”â”â”â”â”â”â” 8.1/8.1 MB 174.0 MB/s eta 0:00:00[2024-03-31 11:26:48.479232] 
Downloading streamlit_player-0.1.5-py3-none-any.whl (1.7 MB)
   â”â”â”â”â”â”â”â”â”â”â”â”â”â”â”â”â”â”â”â”â”â”â”â”â”â”â”â”â”â”â”â”â”â”â”â”â”â”â”â” 1.7/1.7 MB 183.2 MB/s eta 0:00:00[2024-03-31 11:26:48.508145] 
Downloading scipy-1.12.0-cp39-cp39-manylinux_2_17_x86_64.manylinux2014_x86_64.whl (38.5 MB)
   â”â”â”â”â”â”â”â”â”â”â”â”â”â”â”â”â”â”â”â”â”â”â”â”â”â”â”â”â”â”â”â”â”â”â”â”â”â”â”â” 38.5/38.5 MB 248.8 MB/s eta 0:00:00[2024-03-31 11:26:48.697580] 
Downloading altair-5.3.0-py3-none-any.whl (857 kB)
   â”â”â”â”â”â”â”â”â”â”â”â”â”â”â”â”â”â”â”â”â”â”â”â”â”â”â”â”â”â”â”â”â”â”â”â”â”â”â” 857.8/857.8 kB 210.7 MB/s eta 0:00:00[2024-03-31 11:26:48.716399] 
Downloading blinker-1.7.0-py3-none-any.whl (13 kB)
Downloading cachetools-5.3.3-py3-none-any.whl (9.3 kB)
Downloading click-8.1.7-py3-none-any.whl (97 kB)
   â”â”â”â”â”â”â”â”â”â”â”â”â”â”â”â”â”â”â”â”â”â”â”â”â”â”â”â”â”â”â”â”â”â”â”â”â”â”â”â” 97.9/97.9 kB 115.8 MB/s eta 0:00:00[2024-03-31 11:26:48.760688] 
Downloading contourpy-1.2.0-cp39-cp39-manylinux_2_17_x86_64.manylinux2014_x86_64.whl (310 kB)
   â”â”â”â”â”â”â”â”â”â”â”â”â”â”â”â”â”â”â”â”â”â”â”â”â”â”â”â”â”â”â”â”â”â”â”â”â”â”â” 311.0/311.0 kB 132.9 MB/s eta 0:00:00[2024-03-31 11:26:48.777923] 
Downloading cycler-0.12.1-py3-none-any.whl (8.3 kB)
Downloading fonttools-4.50.0-cp39-cp39-manylinux_2_17_x86_64.manylinux2014_x86_64.whl (4.6 MB)
   â”â”â”â”â”â”â”â”â”â”â”â”â”â”â”â”â”â”â”â”â”â”â”â”â”â”â”â”â”â”â”â”â”â”â”â”â”â”â”â” 4.6/4.6 MB 131.6 MB/s eta 0:00:00[2024-03-31 11:26:48.842243] 
Downloading GitPython-3.1.43-py3-none-any.whl (207 kB)
   â”â”â”â”â”â”â”â”â”â”â”â”â”â”â”â”â”â”â”â”â”â”â”â”â”â”â”â”â”â”â”â”â”â”â”â”â”â”â” 207.3/207.3 kB 136.5 MB/s eta 0:00:00[2024-03-31 11:26:48.860676] 
Downloading importlib_resources-6.4.0-py3-none-any.whl (38 kB)
Downloading kiwisolver-1.4.5-cp39-cp39-manylinux_2_12_x86_64.manylinux2010_x86_64.whl (1.6 MB)
   â”â”â”â”â”â”â”â”â”â”â”â”â”â”â”â”â”â”â”â”â”â”â”â”â”â”â”â”â”â”â”â”â”â”â”â”â”â”â”â” 1.6/1.6 MB 155.0 MB/s eta 0:00:00[2024-03-31 11:26:48.900538] 
Downloading packaging-23.2-py3-none-any.whl (53 kB)
   â”â”â”â”â”â”â”â”â”â”â”â”â”â”â”â”â”â”â”â”â”â”â”â”â”â”â”â”â”â”â”â”â”â”â”â”â”â”â”â” 53.0/53.0 kB 117.2 MB/s eta 0:00:00[2024-03-31 11:26:48.916217] 
Downloading protobuf-4.25.3-cp37-abi3-manylinux2014_x86_64.whl (294 kB)
   â”â”â”â”â”â”â”â”â”â”â”â”â”â”â”â”â”â”â”â”â”â”â”â”â”â”â”â”â”â”â”â”â”â”â”â”â”â”â” 294.6/294.6 kB 150.3 MB/s eta 0:00:00[2024-03-31 11:26:48.933290] 
Downloading pyarrow-15.0.2-cp39-cp39-manylinux_2_28_x86_64.whl (38.3 MB)
   â”â”â”â”â”â”â”â”â”â”â”â”â”â”â”â”â”â”â”â”â”â”â”â”â”â”â”â”â”â”â”â”â”â”â”â”â”â”â”â” 38.3/38.3 MB 210.7 MB/s eta 0:00:00[2024-03-31 11:26:49.214568] 
Downloading pydeck-0.8.1b0-py2.py3-none-any.whl (4.8 MB)
   â”â”â”â”â”â”â”â”â”â”â”â”â”â”â”â”â”â”â”â”â”â”â”â”â”â”â”â”â”â”â”â”â”â”â”â”â”â”â”â” 4.8/4.8 MB 225.5 MB/s eta 0:00:00[2024-03-31 11:26:49.252536] 
Downloading pyparsing-3.1.2-py3-none-any.whl (103 kB)
   â”â”â”â”â”â”â”â”â”â”â”â”â”â”â”â”â”â”â”â”â”â”â”â”â”â”â”â”â”â”â”â”â”â”â”â”â”â”â” 103.2/103.2 kB 218.9 MB/s eta 0:00:00[2024-03-31 11:26:49.266138] 
Downloading python_dateutil-2.9.0.post0-py2.py3-none-any.whl (229 kB)
   â”â”â”â”â”â”â”â”â”â”â”â”â”â”â”â”â”â”â”â”â”â”â”â”â”â”â”â”â”â”â”â”â”â”â”â”â”â”â” 229.9/229.9 kB 113.5 MB/s eta 0:00:00[2024-03-31 11:26:49.283935] 
Downloading pytz-2024.1-py2.py3-none-any.whl (505 kB)
   â”â”â”â”â”â”â”â”â”â”â”â”â”â”â”â”â”â”â”â”â”â”â”â”â”â”â”â”â”â”â”â”â”â”â”â”â”â”â” 505.5/505.5 kB 154.0 MB/s eta 0:00:00[2024-03-31 11:26:49.300490] 
Downloading requests-2.31.0-py3-none-any.whl (62 kB)
   â”â”â”â”â”â”â”â”â”â”â”â”â”â”â”â”â”â”â”â”â”â”â”â”â”â”â”â”â”â”â”â”â”â”â”â”â”â”â”â” 62.6/62.6 kB 130.0 MB/s eta 0:00:00[2024-03-31 11:26:49.315864] 
Downloading rich-13.7.1-py3-none-any.whl (240 kB)
   â”â”â”â”â”â”â”â”â”â”â”â”â”â”â”â”â”â”â”â”â”â”â”â”â”â”â”â”â”â”â”â”â”â”â”â”â”â”â” 240.7/240.7 kB 137.9 MB/s eta 0:00:00[2024-03-31 11:26:49.332153] 
Downloading tenacity-8.2.3-py3-none-any.whl (24 kB)
Downloading toml-0.10.2-py2.py3-none-any.whl (16 kB)
Downloading tornado-6.4-cp38-abi3-manylinux_2_5_x86_64.manylinux1_x86_64.manylinux_2_17_x86_64.manylinux2014_x86_64.whl (435 kB)
   â”â”â”â”â”â”â”â”â”â”â”â”â”â”â”â”â”â”â”â”â”â”â”â”â”â”â”â”â”â”â”â”â”â”â”â”â”â”â” 435.4/435.4 kB 109.0 MB/s eta 0:00:00[2024-03-31 11:26:49.374489] 
Downloading typing_extensions-4.10.0-py3-none-any.whl (33 kB)
Downloading tzdata-2024.1-py2.py3-none-any.whl (345 kB)
   â”â”â”â”â”â”â”â”â”â”â”â”â”â”â”â”â”â”â”â”â”â”â”â”â”â”â”â”â”â”â”â”â”â”â”â”â”â”â” 345.4/345.4 kB 143.2 MB/s eta 0:00:00[2024-03-31 11:26:49.403474] 
Downloading watchdog-4.0.0-py3-none-manylinux2014_x86_64.whl (82 kB)
   â”â”â”â”â”â”â”â”â”â”â”â”â”â”â”â”â”â”â”â”â”â”â”â”â”â”â”â”â”â”â”â”â”â”â”â”â”â”â”â” 83.0/83.0 kB 123.3 MB/s eta 0:00:00[2024-03-31 11:26:49.418502] 
Downloading certifi-2024.2.2-py3-none-any.whl (163 kB)
   â”â”â”â”â”â”â”â”â”â”â”â”â”â”â”â”â”â”â”â”â”â”â”â”â”â”â”â”â”â”â”â”â”â”â”â”â”â”â” 163.8/163.8 kB 139.6 MB/s eta 0:00:00[2024-03-31 11:26:49.435261] 
Downloading charset_normalizer-3.3.2-cp39-cp39-manylinux_2_17_x86_64.manylinux2014_x86_64.whl (142 kB)
   â”â”â”â”â”â”â”â”â”â”â”â”â”â”â”â”â”â”â”â”â”â”â”â”â”â”â”â”â”â”â”â”â”â”â”â”â”â”â” 142.3/142.3 kB 164.9 MB/s eta 0:00:00[2024-03-31 11:26:49.456598] 
Downloading gitdb-4.0.11-py3-none-any.whl (62 kB)
   â”â”â”â”â”â”â”â”â”â”â”â”â”â”â”â”â”â”â”â”â”â”â”â”â”â”â”â”â”â”â”â”â”â”â”â”â”â”â”â” 62.7/62.7 kB 96.5 MB/s eta 0:00:00[2024-03-31 11:26:49.473531] 
Downloading idna-3.6-py3-none-any.whl (61 kB)
   â”â”â”â”â”â”â”â”â”â”â”â”â”â”â”â”â”â”â”â”â”â”â”â”â”â”â”â”â”â”â”â”â”â”â”â”â”â”â”â” 61.6/61.6 kB 113.4 MB/s eta 0:00:00[2024-03-31 11:26:49.492737] 
Downloading Jinja2-3.1.3-py3-none-any.whl (133 kB)
   â”â”â”â”â”â”â”â”â”â”â”â”â”â”â”â”â”â”â”â”â”â”â”â”â”â”â”â”â”â”â”â”â”â”â”â”â”â”â” 133.2/133.2 kB 125.3 MB/s eta 0:00:00[2024-03-31 11:26:49.509725] 
Downloading jsonschema-4.21.1-py3-none-any.whl (85 kB)
   â”â”â”â”â”â”â”â”â”â”â”â”â”â”â”â”â”â”â”â”â”â”â”â”â”â”â”â”â”â”â”â”â”â”â”â”â”â”â”â” 85.5/85.5 kB 110.7 MB/s eta 0:00:00[2024-03-31 11:26:49.526043] 
Downloading markdown_it_py-3.0.0-py3-none-any.whl (87 kB)
   â”â”â”â”â”â”â”â”â”â”â”â”â”â”â”â”â”â”â”â”â”â”â”â”â”â”â”â”â”â”â”â”â”â”â”â”â”â”â”â” 87.5/87.5 kB 144.4 MB/s eta 0:00:00[2024-03-31 11:26:49.541604] 
Downloading pygments-2.17.2-py3-none-any.whl (1.2 MB)
   â”â”â”â”â”â”â”â”â”â”â”â”â”â”â”â”â”â”â”â”â”â”â”â”â”â”â”â”â”â”â”â”â”â”â”â”â”â”â”â” 1.2/1.2 MB 100.7 MB/s eta 0:00:00[2024-03-31 11:26:49.571070] 
Downloading six-1.16.0-py2.py3-none-any.whl (11 kB)
Downloading urllib3-2.2.1-py3-none-any.whl (121 kB)
   â”â”â”â”â”â”â”â”â”â”â”â”â”â”â”â”â”â”â”â”â”â”â”â”â”â”â”â”â”â”â”â”â”â”â”â”â”â”â” 121.1/121.1 kB 131.8 MB/s eta 0:00:00[2024-03-31 11:26:49.602720] 
Downloading zipp-3.18.1-py3-none-any.whl (8.2 kB)
Downloading toolz-0.12.1-py3-none-any.whl (56 kB)
   â”â”â”â”â”â”â”â”â”â”â”â”â”â”â”â”â”â”â”â”â”â”â”â”â”â”â”â”â”â”â”â”â”â”â”â”â”â”â”â” 56.1/56.1 kB 103.0 MB/s eta 0:00:00[2024-03-31 11:26:49.631334] 
Downloading attrs-23.2.0-py3-none-any.whl (60 kB)
   â”â”â”â”â”â”â”â”â”â”â”â”â”â”â”â”â”â”â”â”â”â”â”â”â”â”â”â”â”â”â”â”â”â”â”â”â”â”â”â” 60.8/60.8 kB 116.5 MB/s eta 0:00:00[2024-03-31 11:26:49.649083] 
Downloading jsonschema_specifications-2023.12.1-py3-none-any.whl (18 kB)
Downloading MarkupSafe-2.1.5-cp39-cp39-manylinux_2_17_x86_64.manylinux2014_x86_64.whl (25 kB)
Downloading mdurl-0.1.2-py3-none-any.whl (10.0 kB)
Downloading referencing-0.34.0-py3-none-any.whl (26 kB)
Downloading rpds_py-0.18.0-cp39-cp39-manylinux_2_17_x86_64.manylinux2014_x86_64.whl (1.1 MB)
   â”â”â”â”â”â”â”â”â”â”â”â”â”â”â”â”â”â”â”â”â”â”â”â”â”â”â”â”â”â”â”â”â”â”â”â”â”â”â”â” 1.1/1.1 MB 144.9 MB/s eta 0:00:00[2024-03-31 11:26:49.732909] 
Downloading smmap-5.0.1-py3-none-any.whl (24 kB)
Installing collected packages: pytz, zipp, watchdog, urllib3, tzdata, typing-extensions, tornado, toolz, toml, tenacity, smmap, six, rpds-py, pyparsing, pygments, protobuf, pillow, packaging, numpy, mdurl, MarkupSafe, kiwisolver, idna, fonttools, cycler, click, charset-normalizer, certifi, cachetools, blinker, attrs, scipy, requests, referencing, python-dateutil, pyarrow, plotly, markdown-it-py, jinja2, importlib-resources, gitdb, contourpy, rich, pydeck, pandas, matplotlib, jsonschema-specifications, gitpython, jsonschema, altair, streamlit, streamlit-player
Successfully installed MarkupSafe-2.1.5 altair-5.3.0 attrs-23.2.0 blinker-1.7.0 cachetools-5.3.3 certifi-2024.2.2 charset-normalizer-3.3.2 click-8.1.7 contourpy-1.2.0 cycler-0.12.1 fonttools-4.50.0 gitdb-4.0.11 gitpython-3.1.43 idna-3.6 importlib-resources-6.4.0 jinja2-3.1.3 jsonschema-4.21.1 jsonschema-specifications-2023.12.1 kiwisolver-1.4.5 markdown-it-py-3.0.0 matplotlib-3.8.3 mdurl-0.1.2 numpy-1.26.4 packaging-23.2 pandas-2.2.1 pillow-10.2.0 plotly-5.20.0 protobuf-4.25.3 pyarrow-15.0.2 pydeck-0.8.1b0 pygments-2.17.2 pyparsing-3.1.2 python-dateutil-2.9.0.post0 pytz-2024.1 referencing-0.34.0 requests-2.31.0 rich-13.7.1 rpds-py-0.18.0 scipy-1.12.0 six-1.16.0 smmap-5.0.1 streamlit-1.32.2 streamlit-player-0.1.5 tenacity-8.2.3 toml-0.10.2 toolz-0.12.1 tornado-6.4 typing-extensions-4.10.0 tzdata-2024.1 urllib3-2.2.1 watchdog-4.0.0 zipp-3.18.1
Checking if Streamlit is installed
Found Streamlit version 1.32.2 in the environment

â”€â”€â”€â”€â”€â”€â”€â”€â”€â”€â”€â”€â”€â”€â”€â”€â”€â”€â”€â”€â”€â”€â”€â”€â”€â”€â”€â”€â”€â”€â”€â”€â”€â”€â”€â”€â”€â”€â”€â”€â”€â”€â”€â”€â”€â”€â”€â”€â”€â”€â”€â”€â”€â”€â”€â”€â”€â”€â”€â”€â”€â”€â”€â”€â”€â”€â”€â”€â”€â”€â”€â”€â”€â”€â”€â”€â”€â”€â”€â”€â”€â”€â”€â”€â”€â”€â”€â”€

[11:27:28] ğŸ Python dependencies were installed from /mount/src/rocket-nozzle_sizing/Rocket_Nozzle_Sizing_streamlit/requirements.txt using pip.
Check if streamlit is installed
Streamlit is already installed
[11:27:29] ğŸ“¦ Processed dependencies!



2024-03-31 11:27:49.841 Uncaught app exception
Traceback (most recent call last):
  File "/home/adminuser/venv/lib/python3.9/site-packages/streamlit/runtime/scriptrunner/script_runner.py", line 542, in _run_script
    exec(code, module.__dict__)
  File "/mount/src/rocket-nozzle_sizing/Rocket_Nozzle_Sizing_streamlit/1_Home.py", line 28, in <module>
    from rocketcea.cea_obj import add_new_fuel, add_new_oxidizer
ModuleNotFoundError: No module named 'rocketcea'
2024-03-31 11:27:51.956 Uncaught app exception
Traceback (most recent call last):
  File "/home/adminuser/venv/lib/python3.9/site-packages/streamlit/runtime/scriptrunner/script_runner.py", line 542, in _run_script
    exec(code, module.__dict__)
  File "/mount/src/rocket-nozzle_sizing/Rocket_Nozzle_Sizing_streamlit/pages/2_Results.py", line 29, in <module>
    from rocketcea.cea_obj import add_new_fuel, add_new_oxidizer
ModuleNotFoundError: No module named 'rocketcea'
2024-03-31 11:28:04.789 Uncaught app exception
Traceback (most recent call last):
  File "/home/adminuser/venv/lib/python3.9/site-packages/streamlit/runtime/scriptrunner/script_runner.py", line 542, in _run_script
    exec(code, module.__dict__)
  File "/mount/src/rocket-nozzle_sizing/Rocket_Nozzle_Sizing_streamlit/pages/5_CEA Results.py", line 29, in <module>
    from rocketcea.cea_obj import add_new_fuel, add_new_oxidizer
ModuleNotFoundError: No module named 'rocketcea'
2024-03-31 11:28:08.185 Uncaught app exception
Traceback (most recent call last):
  File "/home/adminuser/venv/lib/python3.9/site-packages/streamlit/runtime/scriptrunner/script_runner.py", line 542, in _run_script
    exec(code, module.__dict__)
  File "/mount/src/rocket-nozzle_sizing/Rocket_Nozzle_Sizing_streamlit/1_Home.py", line 28, in <module>
    from rocketcea.cea_obj import add_new_fuel, add_new_oxidizer
ModuleNotFoundError: No module named 'rocketcea'
[11:28:36] ğŸ™ Pulling code changes from Github...
[11:28:37] ğŸ“¦ Processing dependencies...

â”€â”€â”€â”€â”€â”€â”€â”€â”€â”€â”€â”€â”€â”€â”€â”€â”€â”€â”€â”€â”€â”€â”€â”€â”€â”€â”€â”€â”€â”€â”€â”€â”€â”€â”€â”€â”€â”€â”€â”€ pip â”€â”€â”€â”€â”€â”€â”€â”€â”€â”€â”€â”€â”€â”€â”€â”€â”€â”€â”€â”€â”€â”€â”€â”€â”€â”€â”€â”€â”€â”€â”€â”€â”€â”€â”€â”€â”€â”€â”€â”€â”€â”€â”€

Collecting matplotlib==3.8.3 (from -r /mount/src/rocket-nozzle_sizing/Rocket_Nozzle_Sizing_streamlit/requirements.txt (line 1))
  Downloading matplotlib-3.8.3-cp39-cp39-manylinux_2_17_x86_64.manylinux2014_x86_64.whl.metadata (5.8 kB)
2024-03-31 11:28:38.963 Uncaught app exception
Traceback (most recent call last):
  File "/home/adminuser/venv/lib/python3.9/site-packages/streamlit/runtime/scriptrunner/script_runner.py", line 542, in _run_script
    exec(code, module.__dict__)
  File "/mount/src/rocket-nozzle_sizing/Rocket_Nozzle_Sizing_streamlit/1_Home.py", line 28, in <module>
    from rocketcea.cea_obj import add_new_fuel, add_new_oxidizer
ModuleNotFoundError: No module named 'rocketcea'
Collecting numpy==1.26.4 (from -r /mount/src/rocket-nozzle_sizing/Rocket_Nozzle_Sizing_streamlit/requirements.txt (line 2))
  Downloading numpy-1.26.4-cp39-cp39-manylinux_2_17_x86_64.manylinux2014_x86_64.whl.metadata (61 kB)
     â”â”â”â”â”â”â”â”â”â”â”â”â”â”â”â”â”â”â”â”â”â”â”â”â”â”â”â”â”â”â”â”â”â”â”â”â”â”â”â” 61.0/61.0 kB 5.4 MB/s eta 0:00:00[2024-03-31 11:28:39.238172] 
2024-03-31 11:28:39.243 Uncaught app exception
Traceback (most recent call last):
  File "/home/adminuser/venv/lib/python3.9/site-packages/streamlit/runtime/scriptrunner/script_runner.py", line 542, in _run_script
    exec(code, module.__dict__)
  File "/mount/src/rocket-nozzle_sizing/Rocket_Nozzle_Sizing_streamlit/1_Home.py", line 28, in <module>
    from rocketcea.cea_obj import add_new_fuel, add_new_oxidizer
ModuleNotFoundError: No module named 'rocketcea'
Collecting pandas==2.2.1 (from -r /mount/src/rocket-nozzle_sizing/Rocket_Nozzle_Sizing_streamlit/requirements.txt (line 3))
  Downloading pandas-2.2.1-cp39-cp39-manylinux_2_17_x86_64.manylinux2014_x86_64.whl.metadata (19 kB)
Collecting pillow==10.2.0 (from -r /mount/src/rocket-nozzle_sizing/Rocket_Nozzle_Sizing_streamlit/requirements.txt (line 4))
  Downloading pillow-10.2.0-cp39-cp39-manylinux_2_28_x86_64.whl.metadata (9.7 kB)
Collecting plotly==5.20.0 (from -r /mount/src/rocket-nozzle_sizing/Rocket_Nozzle_Sizing_streamlit/requirements.txt (line 5))
  Downloading plotly-5.20.0-py3-none-any.whl.metadata (7.0 kB)
Collecting streamlit==1.32.2 (from -r /mount/src/rocket-nozzle_sizing/Rocket_Nozzle_Sizing_streamlit/requirements.txt (line 6))
  Downloading streamlit-1.32.2-py2.py3-none-any.whl.metadata (8.5 kB)
Collecting streamlit-player==0.1.5 (from -r /mount/src/rocket-nozzle_sizing/Rocket_Nozzle_Sizing_streamlit/requirements.txt (line 7))
  Downloading streamlit_player-0.1.5-py3-none-any.whl.metadata (1.6 kB)
Collecting scipy==1.12.0 (from -r /mount/src/rocket-nozzle_sizing/Rocket_Nozzle_Sizing_streamlit/requirements.txt (line 8))
  Downloading scipy-1.12.0-cp39-cp39-manylinux_2_17_x86_64.manylinux2014_x86_64.whl.metadata (60 kB)
     â”â”â”â”â”â”â”â”â”â”â”â”â”â”â”â”â”â”â”â”â”â”â”â”â”â”â”â”â”â”â”â”â”â”â”â”â”â”â” 60.4/60.4 kB 210.5 MB/s eta 0:00:00[2024-03-31 11:28:40.321888] 
Collecting rocketcea (from -r /mount/src/rocket-nozzle_sizing/Rocket_Nozzle_Sizing_streamlit/requirements.txt (line 9))
  Downloading rocketcea-1.2.0.tar.gz (70.1 MB)
     â”â”â”â”â”â”â”â”â”â”â”â”â”â”â”â”â”â”â”â”â”â”â”â”â”â”â”â”â”â”â”â”â”â”â”â”â”â”â” 70.1/70.1 MB 253.3 MB/s eta 0:00:00[2024-03-31 11:28:40.888475] 
2024-03-31 11:28:41.086 Uncaught app exception
Traceback (most recent call last):
  File "/home/adminuser/venv/lib/python3.9/site-packages/streamlit/runtime/scriptrunner/script_runner.py", line 542, in _run_script
    exec(code, module.__dict__)
  File "/mount/src/rocket-nozzle_sizing/Rocket_Nozzle_Sizing_streamlit/1_Home.py", line 28, in <module>
    from rocketcea.cea_obj import add_new_fuel, add_new_oxidizer
ModuleNotFoundError: No module named 'rocketcea'
2024-03-31 11:28:41.611 Uncaught app exception
Traceback (most recent call last):
  File "/home/adminuser/venv/lib/python3.9/site-packages/streamlit/runtime/scriptrunner/script_runner.py", line 542, in _run_script
    exec(code, module.__dict__)
  File "/mount/src/rocket-nozzle_sizing/Rocket_Nozzle_Sizing_streamlit/1_Home.py", line 28, in <module>
    from rocketcea.cea_obj import add_new_fuel, add_new_oxidizer
ModuleNotFoundError: No module named 'rocketcea'
  Installing build dependencies: started
  Installing build dependencies: finished with status 'done'
  Getting requirements to build wheel: started
  Getting requirements to build wheel: finished with status 'done'
  Installing backend dependencies: started
2024-03-31 11:28:49.211 Uncaught app exception
Traceback (most recent call last):
  File "/home/adminuser/venv/lib/python3.9/site-packages/streamlit/runtime/scriptrunner/script_runner.py", line 542, in _run_script
    exec(code, module.__dict__)
  File "/mount/src/rocket-nozzle_sizing/Rocket_Nozzle_Sizing_streamlit/pages/5_CEA Results.py", line 29, in <module>
    from rocketcea.cea_obj import add_new_fuel, add_new_oxidizer
ModuleNotFoundError: No module named 'rocketcea'
  Installing backend dependencies: finished with status 'done'
  Preparing metadata (pyproject.toml): started
  Preparing metadata (pyproject.toml): finished with status 'error'
  error: subprocess-exited-with-error
  
  Ã— Preparing metadata (pyproject.toml) did not run successfully.
  â”‚ exit code: 1
  â•°â”€> [33 lines of output]
      + meson setup /tmp/pip-install-71e4sh8k/rocketcea_1a16a3ac7bef4328a0fb8d28c8f637f6 /tmp/pip-install-71e4sh8k/rocketcea_1a16a3ac7bef4328a0fb8d28c8f637f6/.mesonpy-nlvl_3xm -Dbuildtype=release -Db_ndebug=if-release -Db_vscrt=md --native-file=/tmp/pip-install-71e4sh8k/rocketcea_1a16a3ac7bef4328a0fb8d28c8f637f6/.mesonpy-nlvl_3xm/meson-python-native-file.ini
      The Meson build system
      Version: 1.4.0
      Source dir: /tmp/pip-install-71e4sh8k/rocketcea_1a16a3ac7bef4328a0fb8d28c8f637f6
      Build dir: /tmp/pip-install-71e4sh8k/rocketcea_1a16a3ac7bef4328a0fb8d28c8f637f6/.mesonpy-nlvl_3xm
      Build type: native build
      Project name: rocketcea
      Project version: undefined
      C compiler for the host machine: cc (gcc 10.2.1 "cc (Debian 10.2.1-6) 10.2.1 20210110")
      C linker for the host machine: cc ld.bfd 2.35.2
      Host machine cpu family: x86_64
      Host machine cpu: x86_64
      ../meson.build:5: WARNING: add_languages is missing native:, assuming languages are wanted for both host and build.
      Compiler for language fortran for the build machine not found.
      
      ../meson.build:5:0: ERROR: Unknown compiler(s): [['gfortran'], ['flang'], ['nvfortran'], ['pgfortran'], ['ifort'], ['ifx'], ['g95']]
      The following exception(s) were encountered:
      Running `gfortran --version` gave "[Errno 2] No such file or directory: 'gfortran'"
      Running `gfortran -V` gave "[Errno 2] No such file or directory: 'gfortran'"
      Running `flang --version` gave "[Errno 2] No such file or directory: 'flang'"
      Running `flang -V` gave "[Errno 2] No such file or directory: 'flang'"
      Running `nvfortran --version` gave "[Errno 2] No such file or directory: 'nvfortran'"
      Running `nvfortran -V` gave "[Errno 2] No such file or directory: 'nvfortran'"
      Running `pgfortran --version` gave "[Errno 2] No such file or directory: 'pgfortran'"
      Running `pgfortran -V` gave "[Errno 2] No such file or directory: 'pgfortran'"
      Running `ifort --version` gave "[Errno 2] No such file or directory: 'ifort'"
      Running `ifort -V` gave "[Errno 2] No such file or directory: 'ifort'"
      Running `ifx --version` gave "[Errno 2] No such file or directory: 'ifx'"
      Running `ifx -V` gave "[Errno 2] No such file or directory: 'ifx'"
      Running `g95 --version` gave "[Errno 2] No such file or directory: 'g95'"
      Running `g95 -V` gave "[Errno 2] No such file or directory: 'g95'"
      
      A full log can be found at /tmp/pip-install-71e4sh8k/rocketcea_1a16a3ac7bef4328a0fb8d28c8f637f6/.mesonpy-nlvl_3xm/meson-logs/meson-log.txt
      [end of output]
  
  note: This error originates from a subprocess, and is likely not a problem with pip.
error: metadata-generation-failed

Ã— Encountered error while generating package metadata.
â•°â”€> See above for output.

note: This is an issue with the package mentioned above, not pip.
hint: See above for details.
2024-03-31 11:28:52.069 Uncaught app exception
Traceback (most recent call last):
  File "/home/adminuser/venv/lib/python3.9/site-packages/streamlit/runtime/scriptrunner/script_runner.py", line 542, in _run_script
    exec(code, module.__dict__)
  File "/mount/src/rocket-nozzle_sizing/Rocket_Nozzle_Sizing_streamlit/pages/5_CEA Results.py", line 29, in <module>
    from rocketcea.cea_obj import add_new_fuel, add_new_oxidizer
ModuleNotFoundError: No module named 'rocketcea'
Checking if Streamlit is installed
Found Streamlit version 1.32.2 in the environment

â”€â”€â”€â”€â”€â”€â”€â”€â”€â”€â”€â”€â”€â”€â”€â”€â”€â”€â”€â”€â”€â”€â”€â”€â”€â”€â”€â”€â”€â”€â”€â”€â”€â”€â”€â”€â”€â”€â”€â”€â”€â”€â”€â”€â”€â”€â”€â”€â”€â”€â”€â”€â”€â”€â”€â”€â”€â”€â”€â”€â”€â”€â”€â”€â”€â”€â”€â”€â”€â”€â”€â”€â”€â”€â”€â”€â”€â”€â”€â”€â”€â”€â”€â”€â”€â”€â”€â”€

[11:28:54] â—ï¸ installer returned a non-zero exit code
  Stopping...
[11:30:27] â—ï¸ Streamlit server consistently failed status checks
[11:30:27] â—ï¸ Please fix the errors, push an update to the git repo, or reboot the app.